Loading network Winnipeg...
1040 nodes
2836 links
4345 OD pairs
141 OD zones
Network Winnipeg loaded
Reading the network data took 16.18 secs

Computing assignment...
Assignment converged in  1269 iterations
Assignment took 36324.75677 seconds
Current gap: 5e-05

Total system travel time: 885360.484318524 secs
Loading network Winnipeg...
1040 nodes
2836 links
4345 OD pairs
141 OD zones
Network Winnipeg loaded
Reading the network data took 26.97 secs

Computing assignment...
Assignment converged in  256 iterations
Assignment took 41353.47279 seconds
Current gap: 5e-05

Total system travel time: 921365.63474936 secs
Computed for:  Winnipeg
UE - SO =  36005.150430836016
